Using pre-set license
Built from '2020.3/staging' branch; Version is '2020.3.6f1 (338bb68529b2) revision 3378102'; Using compiler version '192528614'; Build Type 'Release'
OS: 'Windows 10 Pro; OS build 19041.1348; Version 2004; 64bit' Language: 'en' Physical Memory: 32682 MB
BatchMode: 1, IsHumanControllingUs: 0, StartBugReporterOnCrash: 0, Is64bit: 1, IsPro: 0

 COMMAND LINE ARGUMENTS:
C:\Program Files\Unity\Hub\Editor\2020.3.6f1\Editor\Unity.exe
-adb2
-batchMode
-noUpm
-name
AssetImportWorker0
-projectPath
D:/Documents/GitHub/milestones-KyleSheridan-1/AI
-logFile
Logs/AssetImportWorker0.log
-srvPort
63804
Successfully changed project path to: D:/Documents/GitHub/milestones-KyleSheridan-1/AI
D:/Documents/GitHub/milestones-KyleSheridan-1/AI
Using Asset Import Pipeline V2.
Refreshing native plugins compatible for Editor in 41.45 ms, found 0 plugins.
Preloading 0 native plugins for Editor in 0.00 ms.
Initialize engine version: 2020.3.6f1 (338bb68529b2)
[Subsystems] Discovering subsystems at path C:/Program Files/Unity/Hub/Editor/2020.3.6f1/Editor/Data/Resources/UnitySubsystems
[Subsystems] Discovering subsystems at path D:/Documents/GitHub/milestones-KyleSheridan-1/AI/Assets
GfxDevice: creating device client; threaded=0
Direct3D:
    Version:  Direct3D 11.0 [level 11.1]
    Renderer: Radeon RX 570 Series (ID=0x67df)
    Vendor:   
    VRAM:     8171 MB
    Driver:   27.20.1034.6
Shader 'Universal Render Pipeline/Particles/Lit': fallback shader 'Universal Render Pipeline/Particles/SimpleLit' not found
Initialize mono
Mono path[0] = 'C:/Program Files/Unity/Hub/Editor/2020.3.6f1/Editor/Data/Managed'
Mono path[1] = 'C:/Program Files/Unity/Hub/Editor/2020.3.6f1/Editor/Data/MonoBleedingEdge/lib/mono/unityjit'
Mono config path = 'C:/Program Files/Unity/Hub/Editor/2020.3.6f1/Editor/Data/MonoBleedingEdge/etc'
Using monoOptions --debugger-agent=transport=dt_socket,embedding=1,server=y,suspend=n,address=127.0.0.1:56668
Begin MonoManager ReloadAssembly
Registering precompiled unity dll's ...
Register platform support module: C:/Program Files/Unity/Hub/Editor/2020.3.6f1/Editor/Data/PlaybackEngines/WebGLSupport/UnityEditor.WebGL.Extensions.dll
Register platform support module: C:/Program Files/Unity/Hub/Editor/2020.3.6f1/Editor/Data/PlaybackEngines/MacStandaloneSupport/UnityEditor.OSXStandalone.Extensions.dll
Register platform support module: C:/Program Files/Unity/Hub/Editor/2020.3.6f1/Editor/Data/PlaybackEngines/WindowsStandaloneSupport/UnityEditor.WindowsStandalone.Extensions.dll
Registered in 0.003027 seconds.
Native extension for WindowsStandalone target not found
Native extension for OSXStandalone target not found
Native extension for WebGL target not found
Refreshing native plugins compatible for Editor in 42.38 ms, found 0 plugins.
Preloading 0 native plugins for Editor in 0.00 ms.
Mono: successfully reloaded assembly
- Completed reload, in  1.917 seconds
Platform modules already initialized, skipping
Registering precompiled user dll's ...
Registered in 0.001317 seconds.
Begin MonoManager ReloadAssembly
Native extension for WindowsStandalone target not found
Native extension for OSXStandalone target not found
Native extension for WebGL target not found
Refreshing native plugins compatible for Editor in 44.64 ms, found 0 plugins.
Preloading 0 native plugins for Editor in 0.00 ms.
Mono: successfully reloaded assembly
- Completed reload, in  0.930 seconds
Platform modules already initialized, skipping
========================================================================
Worker process is ready to serve import requests
Shader 'Universal Render Pipeline/Particles/Lit': fallback shader 'Universal Render Pipeline/Particles/SimpleLit' not found
Launched and connected shader compiler UnityShaderCompiler.exe after 0.04 seconds
Refreshing native plugins compatible for Editor in 0.52 ms, found 0 plugins.
Preloading 0 native plugins for Editor in 0.00 ms.
Unloading 2589 Unused Serialized files (Serialized files now loaded: 0)
System memory in use before: 121.1 MB.
System memory in use after: 121.3 MB.

Unloading 11 unused Assets to reduce memory usage. Loaded Objects now: 3032.
Total: 2.640500 ms (FindLiveObjects: 0.360700 ms CreateObjectMapping: 0.062700 ms MarkObjects: 2.137800 ms  DeleteObjects: 0.078100 ms)

========================================================================
Received Import Request.
  path: Assets/Scenes
  artifactKey: Guid(aecafbfb4f92e8a4dbeffa346a87beac) Importer(815301076,1909f56bfc062723c751e8b465ee728b)
Start importing Assets/Scenes using Guid(aecafbfb4f92e8a4dbeffa346a87beac) Importer(815301076,1909f56bfc062723c751e8b465ee728b)  -> (artifact id: 'adf7c847f50a03b978e93c35c52ba04c') in 0.007701 seconds
  Import took 0.011766 seconds .

========================================================================
Received Import Request.
  Time since last request: 0.814948 seconds.
  path: Assets/Scripts/Pathfinding/PathRequestManager.cs
  artifactKey: Guid(e378a8a87192e2a4880286d5b17fd691) Importer(815301076,1909f56bfc062723c751e8b465ee728b)
Start importing Assets/Scripts/Pathfinding/PathRequestManager.cs using Guid(e378a8a87192e2a4880286d5b17fd691) Importer(815301076,1909f56bfc062723c751e8b465ee728b)  -> (artifact id: 'c063a4bde025e119dd6660f21cf8c834') in 0.020959 seconds
  Import took 0.024874 seconds .

========================================================================
Received Import Request.
  Time since last request: 80.085103 seconds.
  path: Assets/Scripts/Pathfinding/PathRequestManager.cs
  artifactKey: Guid(e378a8a87192e2a4880286d5b17fd691) Importer(815301076,1909f56bfc062723c751e8b465ee728b)
Start importing Assets/Scripts/Pathfinding/PathRequestManager.cs using Guid(e378a8a87192e2a4880286d5b17fd691) Importer(815301076,1909f56bfc062723c751e8b465ee728b)  -> (artifact id: 'dad7798c8cd6ac605b09c77a96ec56eb') in 0.002983 seconds
  Import took 0.007063 seconds .

========================================================================
Received Import Request.
  Time since last request: 0.007961 seconds.
  path: Assets/Scripts/Pathfinding/PathRequestManager.cs
  artifactKey: Guid(e378a8a87192e2a4880286d5b17fd691) Importer(815301076,1909f56bfc062723c751e8b465ee728b)
Start importing Assets/Scripts/Pathfinding/PathRequestManager.cs using Guid(e378a8a87192e2a4880286d5b17fd691) Importer(815301076,1909f56bfc062723c751e8b465ee728b)  -> (artifact id: 'dad7798c8cd6ac605b09c77a96ec56eb') in 0.002750 seconds
  Import took 0.006774 seconds .

========================================================================
Received Import Request.
  Time since last request: 69.085314 seconds.
  path: Assets/Scripts/Pathfinding/PathRequestManager.cs
  artifactKey: Guid(e378a8a87192e2a4880286d5b17fd691) Importer(815301076,1909f56bfc062723c751e8b465ee728b)
Start importing Assets/Scripts/Pathfinding/PathRequestManager.cs using Guid(e378a8a87192e2a4880286d5b17fd691) Importer(815301076,1909f56bfc062723c751e8b465ee728b)  -> (artifact id: 'f9f1330d9358fd387e84468ab32b205e') in 0.003304 seconds
  Import took 0.007844 seconds .

========================================================================
Received Import Request.
  Time since last request: 0.008177 seconds.
  path: Assets/Scripts/Pathfinding/PathRequestManager.cs
  artifactKey: Guid(e378a8a87192e2a4880286d5b17fd691) Importer(815301076,1909f56bfc062723c751e8b465ee728b)
Start importing Assets/Scripts/Pathfinding/PathRequestManager.cs using Guid(e378a8a87192e2a4880286d5b17fd691) Importer(815301076,1909f56bfc062723c751e8b465ee728b)  -> (artifact id: 'f9f1330d9358fd387e84468ab32b205e') in 0.003257 seconds
  Import took 0.007409 seconds .

========================================================================
Received Import Request.
  Time since last request: 101.487951 seconds.
  path: Assets/Scripts/Pathfinding/PathRequestManager.cs
  artifactKey: Guid(e378a8a87192e2a4880286d5b17fd691) Importer(815301076,1909f56bfc062723c751e8b465ee728b)
Start importing Assets/Scripts/Pathfinding/PathRequestManager.cs using Guid(e378a8a87192e2a4880286d5b17fd691) Importer(815301076,1909f56bfc062723c751e8b465ee728b)  -> (artifact id: '57e9a04c880c50ba1edd785bcbd6e2ed') in 0.002928 seconds
  Import took 0.007287 seconds .

========================================================================
Received Import Request.
  Time since last request: 0.008624 seconds.
  path: Assets/Scripts/Pathfinding/PathRequestManager.cs
  artifactKey: Guid(e378a8a87192e2a4880286d5b17fd691) Importer(815301076,1909f56bfc062723c751e8b465ee728b)
Start importing Assets/Scripts/Pathfinding/PathRequestManager.cs using Guid(e378a8a87192e2a4880286d5b17fd691) Importer(815301076,1909f56bfc062723c751e8b465ee728b)  -> (artifact id: '57e9a04c880c50ba1edd785bcbd6e2ed') in 0.002490 seconds
  Import took 0.006483 seconds .

========================================================================
Received Import Request.
  Time since last request: 277.552174 seconds.
  path: Assets/Scripts/Pathfinding/PathRequestManager.cs
  artifactKey: Guid(e378a8a87192e2a4880286d5b17fd691) Importer(815301076,1909f56bfc062723c751e8b465ee728b)
Start importing Assets/Scripts/Pathfinding/PathRequestManager.cs using Guid(e378a8a87192e2a4880286d5b17fd691) Importer(815301076,1909f56bfc062723c751e8b465ee728b)  -> (artifact id: '85bf14101de0a1e820a1cd5f3d93b564') in 0.003075 seconds
  Import took 0.007822 seconds .

========================================================================
Received Import Request.
  Time since last request: 0.007430 seconds.
  path: Assets/Scripts/Pathfinding/PathRequestManager.cs
  artifactKey: Guid(e378a8a87192e2a4880286d5b17fd691) Importer(815301076,1909f56bfc062723c751e8b465ee728b)
Start importing Assets/Scripts/Pathfinding/PathRequestManager.cs using Guid(e378a8a87192e2a4880286d5b17fd691) Importer(815301076,1909f56bfc062723c751e8b465ee728b)  -> (artifact id: '85bf14101de0a1e820a1cd5f3d93b564') in 0.002509 seconds
  Import took 0.006710 seconds .

========================================================================
Received Import Request.
  Time since last request: 162.877028 seconds.
  path: Assets/Scripts/Pathfinding/PathRequestManager.cs
  artifactKey: Guid(e378a8a87192e2a4880286d5b17fd691) Importer(815301076,1909f56bfc062723c751e8b465ee728b)
Start importing Assets/Scripts/Pathfinding/PathRequestManager.cs using Guid(e378a8a87192e2a4880286d5b17fd691) Importer(815301076,1909f56bfc062723c751e8b465ee728b)  -> (artifact id: '3219731110d17ed80e0dc4451ea57f3f') in 0.002891 seconds
  Import took 0.007070 seconds .

========================================================================
Received Import Request.
  Time since last request: 0.009749 seconds.
  path: Assets/Scripts/Pathfinding/PathRequestManager.cs
  artifactKey: Guid(e378a8a87192e2a4880286d5b17fd691) Importer(815301076,1909f56bfc062723c751e8b465ee728b)
Start importing Assets/Scripts/Pathfinding/PathRequestManager.cs using Guid(e378a8a87192e2a4880286d5b17fd691) Importer(815301076,1909f56bfc062723c751e8b465ee728b)  -> (artifact id: '3219731110d17ed80e0dc4451ea57f3f') in 0.002670 seconds
  Import took 0.006824 seconds .

========================================================================
Received Import Request.
  Time since last request: 152.527033 seconds.
  path: Assets/Scripts/Pathfinding/PathRequestManager.cs
  artifactKey: Guid(e378a8a87192e2a4880286d5b17fd691) Importer(815301076,1909f56bfc062723c751e8b465ee728b)
Start importing Assets/Scripts/Pathfinding/PathRequestManager.cs using Guid(e378a8a87192e2a4880286d5b17fd691) Importer(815301076,1909f56bfc062723c751e8b465ee728b)  -> (artifact id: 'e63837482144a644482004ce9b441805') in 0.002870 seconds
  Import took 0.007217 seconds .

========================================================================
Received Import Request.
  Time since last request: 0.008773 seconds.
  path: Assets/Scripts/Pathfinding/PathRequestManager.cs
  artifactKey: Guid(e378a8a87192e2a4880286d5b17fd691) Importer(815301076,1909f56bfc062723c751e8b465ee728b)
Start importing Assets/Scripts/Pathfinding/PathRequestManager.cs using Guid(e378a8a87192e2a4880286d5b17fd691) Importer(815301076,1909f56bfc062723c751e8b465ee728b)  -> (artifact id: 'e63837482144a644482004ce9b441805') in 0.002783 seconds
  Import took 0.006838 seconds .

========================================================================
Received Import Request.
  Time since last request: 19.833807 seconds.
  path: Assets/Scripts/Pathfinding/PathRequestManager.cs
  artifactKey: Guid(e378a8a87192e2a4880286d5b17fd691) Importer(815301076,1909f56bfc062723c751e8b465ee728b)
Start importing Assets/Scripts/Pathfinding/PathRequestManager.cs using Guid(e378a8a87192e2a4880286d5b17fd691) Importer(815301076,1909f56bfc062723c751e8b465ee728b)  -> (artifact id: 'faed77338bd10958508845ebec0bd430') in 0.002969 seconds
  Import took 0.007861 seconds .

========================================================================
Received Import Request.
  Time since last request: 0.008696 seconds.
  path: Assets/Scripts/Pathfinding/PathRequestManager.cs
  artifactKey: Guid(e378a8a87192e2a4880286d5b17fd691) Importer(815301076,1909f56bfc062723c751e8b465ee728b)
Start importing Assets/Scripts/Pathfinding/PathRequestManager.cs using Guid(e378a8a87192e2a4880286d5b17fd691) Importer(815301076,1909f56bfc062723c751e8b465ee728b)  -> (artifact id: 'faed77338bd10958508845ebec0bd430') in 0.003417 seconds
  Import took 0.008541 seconds .

========================================================================
Received Import Request.
  Time since last request: 52.276873 seconds.
  path: Assets/Scripts/Pathfinding/PathRequestManager.cs
  artifactKey: Guid(e378a8a87192e2a4880286d5b17fd691) Importer(815301076,1909f56bfc062723c751e8b465ee728b)
Start importing Assets/Scripts/Pathfinding/PathRequestManager.cs using Guid(e378a8a87192e2a4880286d5b17fd691) Importer(815301076,1909f56bfc062723c751e8b465ee728b)  -> (artifact id: 'd31ca9751712374a78794ffcb5f10660') in 0.003122 seconds
  Import took 0.007651 seconds .

========================================================================
Received Import Request.
  Time since last request: 0.007897 seconds.
  path: Assets/Scripts/Pathfinding/PathRequestManager.cs
  artifactKey: Guid(e378a8a87192e2a4880286d5b17fd691) Importer(815301076,1909f56bfc062723c751e8b465ee728b)
Start importing Assets/Scripts/Pathfinding/PathRequestManager.cs using Guid(e378a8a87192e2a4880286d5b17fd691) Importer(815301076,1909f56bfc062723c751e8b465ee728b)  -> (artifact id: 'd31ca9751712374a78794ffcb5f10660') in 0.003228 seconds
  Import took 0.008099 seconds .

========================================================================
Received Import Request.
  Time since last request: 242.651162 seconds.
  path: Assets/Scripts/Pathfinding/PathRequestManager.cs
  artifactKey: Guid(e378a8a87192e2a4880286d5b17fd691) Importer(815301076,1909f56bfc062723c751e8b465ee728b)
Start importing Assets/Scripts/Pathfinding/PathRequestManager.cs using Guid(e378a8a87192e2a4880286d5b17fd691) Importer(815301076,1909f56bfc062723c751e8b465ee728b)  -> (artifact id: 'b5792751ed29ccc7e08d4a94f4abbcfe') in 0.002377 seconds
  Import took 0.006293 seconds .

========================================================================
Received Prepare
Registering precompiled user dll's ...
Registered in 0.001214 seconds.
Begin MonoManager ReloadAssembly
Native extension for WindowsStandalone target not found
Native extension for OSXStandalone target not found
Native extension for WebGL target not found
Refreshing native plugins compatible for Editor in 0.51 ms, found 0 plugins.
Preloading 0 native plugins for Editor in 0.00 ms.
Mono: successfully reloaded assembly
- Completed reload, in  0.723 seconds
Platform modules already initialized, skipping
Shader 'Universal Render Pipeline/Particles/Lit': fallback shader 'Universal Render Pipeline/Particles/SimpleLit' not found
Refreshing native plugins compatible for Editor in 0.51 ms, found 0 plugins.
Preloading 0 native plugins for Editor in 0.00 ms.
Unloading 2478 Unused Serialized files (Serialized files now loaded: 0)
System memory in use before: 114.1 MB.
System memory in use after: 114.3 MB.

Unloading 6 unused Assets to reduce memory usage. Loaded Objects now: 3035.
Total: 2.037800 ms (FindLiveObjects: 0.329800 ms CreateObjectMapping: 0.066000 ms MarkObjects: 1.627100 ms  DeleteObjects: 0.014000 ms)

========================================================================
Received Prepare
Registering precompiled user dll's ...
Registered in 0.001241 seconds.
Begin MonoManager ReloadAssembly
Native extension for WindowsStandalone target not found
Native extension for OSXStandalone target not found
Native extension for WebGL target not found
Refreshing native plugins compatible for Editor in 0.54 ms, found 0 plugins.
Preloading 0 native plugins for Editor in 0.00 ms.
Mono: successfully reloaded assembly
- Completed reload, in  0.745 seconds
Platform modules already initialized, skipping
Shader 'Universal Render Pipeline/Particles/Lit': fallback shader 'Universal Render Pipeline/Particles/SimpleLit' not found
Refreshing native plugins compatible for Editor in 0.52 ms, found 0 plugins.
Preloading 0 native plugins for Editor in 0.00 ms.
Unloading 2478 Unused Serialized files (Serialized files now loaded: 0)
System memory in use before: 114.1 MB.
System memory in use after: 114.3 MB.

Unloading 6 unused Assets to reduce memory usage. Loaded Objects now: 3038.
Total: 2.539800 ms (FindLiveObjects: 0.638000 ms CreateObjectMapping: 0.070600 ms MarkObjects: 1.815300 ms  DeleteObjects: 0.014700 ms)

AssetImportWorkerClient::OnTransportError - code=2 error=End of file
